[ 2016-09-04T19:33:59+08:00 ] 127.0.0.1 /sparksite/
INFO: [ app_init ] --START--
INFO: Run Behavior\BuildLiteBehavior [ RunTime:0.000000s ]
INFO: [ app_init ] --END-- [ RunTime:0.000000s ]
INFO: [ app_begin ] --START--
INFO: Run Behavior\ReadHtmlCacheBehavior [ RunTime:0.003000s ]
INFO: [ app_begin ] --END-- [ RunTime:0.003000s ]
INFO: [ view_parse ] --START--
INFO: [ template_filter ] --START--
INFO: Run Behavior\ContentReplaceBehavior [ RunTime:0.000000s ]
INFO: [ template_filter ] --END-- [ RunTime:0.000000s ]
INFO: Run Behavior\ParseTemplateBehavior [ RunTime:0.039002s ]
INFO: [ view_parse ] --END-- [ RunTime:0.039002s ]
INFO: [ view_filter ] --START--
INFO: Run Behavior\WriteHtmlCacheBehavior [ RunTime:0.003000s ]
INFO: [ view_filter ] --END-- [ RunTime:0.003000s ]
INFO: [ app_end ] --START--
INFO: Run Behavior\ShowPageTraceBehavior [ RunTime:0.003001s ]
INFO: [ app_end ] --END-- [ RunTime:0.003001s ]

[ 2016-09-04T20:28:42+08:00 ] 127.0.0.1 /sparksite/
INFO: [ app_init ] --START--
INFO: Run Behavior\BuildLiteBehavior [ RunTime:0.000000s ]
INFO: [ app_init ] --END-- [ RunTime:0.002000s ]
INFO: [ app_begin ] --START--
INFO: Run Behavior\ReadHtmlCacheBehavior [ RunTime:0.002000s ]
INFO: [ app_begin ] --END-- [ RunTime:0.002000s ]
INFO: [ view_parse ] --START--
INFO: Run Behavior\ParseTemplateBehavior [ RunTime:0.007001s ]
INFO: [ view_parse ] --END-- [ RunTime:0.008001s ]
INFO: [ view_filter ] --START--
INFO: Run Behavior\WriteHtmlCacheBehavior [ RunTime:0.002000s ]
INFO: [ view_filter ] --END-- [ RunTime:0.002000s ]
INFO: [ app_end ] --START--
INFO: Run Behavior\ShowPageTraceBehavior [ RunTime:0.003000s ]
INFO: [ app_end ] --END-- [ RunTime:0.003000s ]

[ 2016-09-04T20:29:08+08:00 ] 127.0.0.1 /sparksite/
INFO: [ app_init ] --START--
INFO: Run Behavior\BuildLiteBehavior [ RunTime:0.001000s ]
INFO: [ app_init ] --END-- [ RunTime:0.003000s ]
INFO: [ app_begin ] --START--
INFO: Run Behavior\ReadHtmlCacheBehavior [ RunTime:0.006000s ]
INFO: [ app_begin ] --END-- [ RunTime:0.006000s ]
INFO: [ view_parse ] --START--
INFO: [ template_filter ] --START--
INFO: Run Behavior\ContentReplaceBehavior [ RunTime:0.000000s ]
INFO: [ template_filter ] --END-- [ RunTime:0.000000s ]
INFO: Run Behavior\ParseTemplateBehavior [ RunTime:0.037002s ]
INFO: [ view_parse ] --END-- [ RunTime:0.037002s ]
INFO: [ view_filter ] --START--
INFO: Run Behavior\WriteHtmlCacheBehavior [ RunTime:0.010001s ]
INFO: [ view_filter ] --END-- [ RunTime:0.010001s ]
INFO: [ app_end ] --START--
INFO: Run Behavior\ShowPageTraceBehavior [ RunTime:0.005000s ]
INFO: [ app_end ] --END-- [ RunTime:0.005000s ]

[ 2016-09-04T20:29:12+08:00 ] 127.0.0.1 /sparksite/index.php/Home/Article/all
INFO: [ app_init ] --START--
INFO: Run Behavior\BuildLiteBehavior [ RunTime:0.000000s ]
INFO: [ app_init ] --END-- [ RunTime:0.002000s ]
INFO: [ app_begin ] --START--
INFO: Run Behavior\ReadHtmlCacheBehavior [ RunTime:0.008000s ]
INFO: [ app_begin ] --END-- [ RunTime:0.008000s ]
SQL: SHOW COLUMNS FROM `article` [ RunTime:0.009001s ]
NOTIC: [2] Missing argument 1 for Think\Model::where(), called in D:\xampp\htdocs\sparksite\Application\Home\Controller\ArticleController.class.php on line 9 and defined D:\xampp\htdocs\sparksite\ThinkPHP\Library\Think\Model.class.php 第 1610 行.
NOTIC: [8] Undefined variable: where D:\xampp\htdocs\sparksite\ThinkPHP\Library\Think\Model.class.php 第 1618 行.
NOTIC: [8] Undefined variable: where D:\xampp\htdocs\sparksite\ThinkPHP\Library\Think\Model.class.php 第 1621 行.
NOTIC: [8] Undefined variable: where D:\xampp\htdocs\sparksite\ThinkPHP\Library\Think\Model.class.php 第 1629 行.
SQL: SELECT COUNT(*) AS tp_count FROM `article` LIMIT 1   [ RunTime:0.015001s ]
NOTIC: [2] Missing argument 1 for Think\Model::where(), called in D:\xampp\htdocs\sparksite\Application\Home\Controller\ArticleController.class.php on line 12 and defined D:\xampp\htdocs\sparksite\ThinkPHP\Library\Think\Model.class.php 第 1610 行.
NOTIC: [8] Undefined variable: where D:\xampp\htdocs\sparksite\ThinkPHP\Library\Think\Model.class.php 第 1618 行.
NOTIC: [8] Undefined variable: where D:\xampp\htdocs\sparksite\ThinkPHP\Library\Think\Model.class.php 第 1621 行.
NOTIC: [8] Undefined variable: where D:\xampp\htdocs\sparksite\ThinkPHP\Library\Think\Model.class.php 第 1629 行.
SQL: SELECT * FROM `article` LIMIT 0,15   [ RunTime:0.002001s ]
INFO: [ view_parse ] --START--
INFO: [ template_filter ] --START--
INFO: Run Behavior\ContentReplaceBehavior [ RunTime:0.000000s ]
INFO: [ template_filter ] --END-- [ RunTime:0.000000s ]
INFO: Run Behavior\ParseTemplateBehavior [ RunTime:0.045002s ]
INFO: [ view_parse ] --END-- [ RunTime:0.045002s ]
INFO: [ view_filter ] --START--
INFO: Run Behavior\WriteHtmlCacheBehavior [ RunTime:0.004000s ]
INFO: [ view_filter ] --END-- [ RunTime:0.004000s ]
INFO: [ app_end ] --START--
INFO: Run Behavior\ShowPageTraceBehavior [ RunTime:0.005000s ]
INFO: [ app_end ] --END-- [ RunTime:0.006001s ]

[ 2016-09-04T20:29:13+08:00 ] 127.0.0.1 /sparksite/index.php/Home/Article/href=
INFO: [ app_init ] --START--
INFO: Run Behavior\BuildLiteBehavior [ RunTime:0.000000s ]
INFO: [ app_init ] --END-- [ RunTime:0.003000s ]
INFO: [ app_begin ] --START--
INFO: Run Behavior\ReadHtmlCacheBehavior [ RunTime:0.007000s ]
INFO: [ app_begin ] --END-- [ RunTime:0.008000s ]
ERR: 非法操作:href=

[ 2016-09-04T20:29:15+08:00 ] 127.0.0.1 /sparksite/index.php/Home/Article/all
INFO: [ app_init ] --START--
INFO: Run Behavior\BuildLiteBehavior [ RunTime:0.000000s ]
INFO: [ app_init ] --END-- [ RunTime:0.002000s ]
INFO: [ app_begin ] --START--
INFO: Run Behavior\ReadHtmlCacheBehavior [ RunTime:0.004000s ]
INFO: [ app_begin ] --END-- [ RunTime:0.004000s ]
SQL: SHOW COLUMNS FROM `article` [ RunTime:0.007001s ]
NOTIC: [2] Missing argument 1 for Think\Model::where(), called in D:\xampp\htdocs\sparksite\Application\Home\Controller\ArticleController.class.php on line 9 and defined D:\xampp\htdocs\sparksite\ThinkPHP\Library\Think\Model.class.php 第 1610 行.
NOTIC: [8] Undefined variable: where D:\xampp\htdocs\sparksite\ThinkPHP\Library\Think\Model.class.php 第 1618 行.
NOTIC: [8] Undefined variable: where D:\xampp\htdocs\sparksite\ThinkPHP\Library\Think\Model.class.php 第 1621 行.
NOTIC: [8] Undefined variable: where D:\xampp\htdocs\sparksite\ThinkPHP\Library\Think\Model.class.php 第 1629 行.
SQL: SELECT COUNT(*) AS tp_count FROM `article` LIMIT 1   [ RunTime:0.000000s ]
NOTIC: [2] Missing argument 1 for Think\Model::where(), called in D:\xampp\htdocs\sparksite\Application\Home\Controller\ArticleController.class.php on line 12 and defined D:\xampp\htdocs\sparksite\ThinkPHP\Library\Think\Model.class.php 第 1610 行.
NOTIC: [8] Undefined variable: where D:\xampp\htdocs\sparksite\ThinkPHP\Library\Think\Model.class.php 第 1618 行.
NOTIC: [8] Undefined variable: where D:\xampp\htdocs\sparksite\ThinkPHP\Library\Think\Model.class.php 第 1621 行.
NOTIC: [8] Undefined variable: where D:\xampp\htdocs\sparksite\ThinkPHP\Library\Think\Model.class.php 第 1629 行.
SQL: SELECT * FROM `article` LIMIT 0,15   [ RunTime:0.001000s ]
INFO: [ view_parse ] --START--
INFO: [ template_filter ] --START--
INFO: Run Behavior\ContentReplaceBehavior [ RunTime:0.000000s ]
INFO: [ template_filter ] --END-- [ RunTime:0.000000s ]
INFO: Run Behavior\ParseTemplateBehavior [ RunTime:0.043003s ]
INFO: [ view_parse ] --END-- [ RunTime:0.044003s ]
INFO: [ view_filter ] --START--
INFO: Run Behavior\WriteHtmlCacheBehavior [ RunTime:0.004000s ]
INFO: [ view_filter ] --END-- [ RunTime:0.004000s ]
INFO: [ app_end ] --START--
INFO: Run Behavior\ShowPageTraceBehavior [ RunTime:0.004000s ]
INFO: [ app_end ] --END-- [ RunTime:0.005001s ]

[ 2016-09-04T20:29:16+08:00 ] 127.0.0.1 /sparksite/index.php/Home/Article/all
INFO: [ app_init ] --START--
INFO: Run Behavior\BuildLiteBehavior [ RunTime:0.000000s ]
INFO: [ app_init ] --END-- [ RunTime:0.003000s ]
INFO: [ app_begin ] --START--
INFO: Run Behavior\ReadHtmlCacheBehavior [ RunTime:0.004000s ]
INFO: [ app_begin ] --END-- [ RunTime:0.004000s ]
SQL: SHOW COLUMNS FROM `article` [ RunTime:0.005000s ]
NOTIC: [2] Missing argument 1 for Think\Model::where(), called in D:\xampp\htdocs\sparksite\Application\Home\Controller\ArticleController.class.php on line 9 and defined D:\xampp\htdocs\sparksite\ThinkPHP\Library\Think\Model.class.php 第 1610 行.
NOTIC: [8] Undefined variable: where D:\xampp\htdocs\sparksite\ThinkPHP\Library\Think\Model.class.php 第 1618 行.
NOTIC: [8] Undefined variable: where D:\xampp\htdocs\sparksite\ThinkPHP\Library\Think\Model.class.php 第 1621 行.
NOTIC: [8] Undefined variable: where D:\xampp\htdocs\sparksite\ThinkPHP\Library\Think\Model.class.php 第 1629 行.
SQL: SELECT COUNT(*) AS tp_count FROM `article` LIMIT 1   [ RunTime:0.002000s ]
NOTIC: [2] Missing argument 1 for Think\Model::where(), called in D:\xampp\htdocs\sparksite\Application\Home\Controller\ArticleController.class.php on line 12 and defined D:\xampp\htdocs\sparksite\ThinkPHP\Library\Think\Model.class.php 第 1610 行.
NOTIC: [8] Undefined variable: where D:\xampp\htdocs\sparksite\ThinkPHP\Library\Think\Model.class.php 第 1618 行.
NOTIC: [8] Undefined variable: where D:\xampp\htdocs\sparksite\ThinkPHP\Library\Think\Model.class.php 第 1621 行.
NOTIC: [8] Undefined variable: where D:\xampp\htdocs\sparksite\ThinkPHP\Library\Think\Model.class.php 第 1629 行.
SQL: SELECT * FROM `article` LIMIT 0,15   [ RunTime:0.001000s ]
INFO: [ view_parse ] --START--
INFO: [ template_filter ] --START--
INFO: Run Behavior\ContentReplaceBehavior [ RunTime:0.001000s ]
INFO: [ template_filter ] --END-- [ RunTime:0.001000s ]
INFO: Run Behavior\ParseTemplateBehavior [ RunTime:0.036002s ]
INFO: [ view_parse ] --END-- [ RunTime:0.036002s ]
INFO: [ view_filter ] --START--
INFO: Run Behavior\WriteHtmlCacheBehavior [ RunTime:0.005000s ]
INFO: [ view_filter ] --END-- [ RunTime:0.005000s ]
INFO: [ app_end ] --START--
INFO: Run Behavior\ShowPageTraceBehavior [ RunTime:0.004000s ]
INFO: [ app_end ] --END-- [ RunTime:0.004000s ]

[ 2016-09-04T20:29:17+08:00 ] 127.0.0.1 /sparksite/index.php/Home/Article/all
INFO: [ app_init ] --START--
INFO: Run Behavior\BuildLiteBehavior [ RunTime:0.000000s ]
INFO: [ app_init ] --END-- [ RunTime:0.002000s ]
INFO: [ app_begin ] --START--
INFO: Run Behavior\ReadHtmlCacheBehavior [ RunTime:0.001000s ]
INFO: [ app_begin ] --END-- [ RunTime:0.002000s ]
SQL: SHOW COLUMNS FROM `article` [ RunTime:0.005000s ]
NOTIC: [2] Missing argument 1 for Think\Model::where(), called in D:\xampp\htdocs\sparksite\Application\Home\Controller\ArticleController.class.php on line 9 and defined D:\xampp\htdocs\sparksite\ThinkPHP\Library\Think\Model.class.php 第 1610 行.
NOTIC: [8] Undefined variable: where D:\xampp\htdocs\sparksite\ThinkPHP\Library\Think\Model.class.php 第 1618 行.
NOTIC: [8] Undefined variable: where D:\xampp\htdocs\sparksite\ThinkPHP\Library\Think\Model.class.php 第 1621 行.
NOTIC: [8] Undefined variable: where D:\xampp\htdocs\sparksite\ThinkPHP\Library\Think\Model.class.php 第 1629 行.
SQL: SELECT COUNT(*) AS tp_count FROM `article` LIMIT 1   [ RunTime:0.001000s ]
NOTIC: [2] Missing argument 1 for Think\Model::where(), called in D:\xampp\htdocs\sparksite\Application\Home\Controller\ArticleController.class.php on line 12 and defined D:\xampp\htdocs\sparksite\ThinkPHP\Library\Think\Model.class.php 第 1610 行.
NOTIC: [8] Undefined variable: where D:\xampp\htdocs\sparksite\ThinkPHP\Library\Think\Model.class.php 第 1618 行.
NOTIC: [8] Undefined variable: where D:\xampp\htdocs\sparksite\ThinkPHP\Library\Think\Model.class.php 第 1621 行.
NOTIC: [8] Undefined variable: where D:\xampp\htdocs\sparksite\ThinkPHP\Library\Think\Model.class.php 第 1629 行.
SQL: SELECT * FROM `article` LIMIT 0,15   [ RunTime:0.001001s ]
INFO: [ view_parse ] --START--
INFO: [ template_filter ] --START--
INFO: Run Behavior\ContentReplaceBehavior [ RunTime:0.000000s ]
INFO: [ template_filter ] --END-- [ RunTime:0.000000s ]
INFO: Run Behavior\ParseTemplateBehavior [ RunTime:0.023001s ]
INFO: [ view_parse ] --END-- [ RunTime:0.023001s ]
INFO: [ view_filter ] --START--
INFO: Run Behavior\WriteHtmlCacheBehavior [ RunTime:0.001000s ]
INFO: [ view_filter ] --END-- [ RunTime:0.001000s ]
INFO: [ app_end ] --START--
INFO: Run Behavior\ShowPageTraceBehavior [ RunTime:0.001000s ]
INFO: [ app_end ] --END-- [ RunTime:0.001000s ]

[ 2016-09-04T20:29:30+08:00 ] 127.0.0.1 /sparksite/index.php/Home/Class/add
INFO: [ app_init ] --START--
INFO: Run Behavior\BuildLiteBehavior [ RunTime:0.000000s ]
INFO: [ app_init ] --END-- [ RunTime:0.001000s ]
INFO: [ app_begin ] --START--
INFO: Run Behavior\ReadHtmlCacheBehavior [ RunTime:0.003000s ]
INFO: [ app_begin ] --END-- [ RunTime:0.004000s ]
INFO: [ view_parse ] --START--
INFO: [ template_filter ] --START--
INFO: Run Behavior\ContentReplaceBehavior [ RunTime:0.000000s ]
INFO: [ template_filter ] --END-- [ RunTime:0.000000s ]
INFO: Run Behavior\ParseTemplateBehavior [ RunTime:0.032002s ]
INFO: [ view_parse ] --END-- [ RunTime:0.032002s ]
INFO: [ view_filter ] --START--
INFO: Run Behavior\WriteHtmlCacheBehavior [ RunTime:0.002000s ]
INFO: [ view_filter ] --END-- [ RunTime:0.003000s ]
INFO: [ app_end ] --START--
INFO: Run Behavior\ShowPageTraceBehavior [ RunTime:0.004000s ]
INFO: [ app_end ] --END-- [ RunTime:0.005000s ]

[ 2016-09-04T20:29:31+08:00 ] 127.0.0.1 /sparksite/index.php/Home/Class/href=
INFO: [ app_init ] --START--
INFO: Run Behavior\BuildLiteBehavior [ RunTime:0.000000s ]
INFO: [ app_init ] --END-- [ RunTime:0.002000s ]
INFO: [ app_begin ] --START--
INFO: Run Behavior\ReadHtmlCacheBehavior [ RunTime:0.005000s ]
INFO: [ app_begin ] --END-- [ RunTime:0.006000s ]
ERR: 非法操作:href=

[ 2016-09-04T20:29:43+08:00 ] 127.0.0.1 /sparksite/index.php/Home/Article/all
INFO: [ app_init ] --START--
INFO: Run Behavior\BuildLiteBehavior [ RunTime:0.000000s ]
INFO: [ app_init ] --END-- [ RunTime:0.001000s ]
INFO: [ app_begin ] --START--
INFO: Run Behavior\ReadHtmlCacheBehavior [ RunTime:0.003001s ]
INFO: [ app_begin ] --END-- [ RunTime:0.003001s ]
SQL: SHOW COLUMNS FROM `article` [ RunTime:0.008001s ]
NOTIC: [2] Missing argument 1 for Think\Model::where(), called in D:\xampp\htdocs\sparksite\Application\Home\Controller\ArticleController.class.php on line 9 and defined D:\xampp\htdocs\sparksite\ThinkPHP\Library\Think\Model.class.php 第 1610 行.
NOTIC: [8] Undefined variable: where D:\xampp\htdocs\sparksite\ThinkPHP\Library\Think\Model.class.php 第 1618 行.
NOTIC: [8] Undefined variable: where D:\xampp\htdocs\sparksite\ThinkPHP\Library\Think\Model.class.php 第 1621 行.
NOTIC: [8] Undefined variable: where D:\xampp\htdocs\sparksite\ThinkPHP\Library\Think\Model.class.php 第 1629 行.
SQL: SELECT COUNT(*) AS tp_count FROM `article` LIMIT 1   [ RunTime:0.001000s ]
NOTIC: [2] Missing argument 1 for Think\Model::where(), called in D:\xampp\htdocs\sparksite\Application\Home\Controller\ArticleController.class.php on line 12 and defined D:\xampp\htdocs\sparksite\ThinkPHP\Library\Think\Model.class.php 第 1610 行.
NOTIC: [8] Undefined variable: where D:\xampp\htdocs\sparksite\ThinkPHP\Library\Think\Model.class.php 第 1618 行.
NOTIC: [8] Undefined variable: where D:\xampp\htdocs\sparksite\ThinkPHP\Library\Think\Model.class.php 第 1621 行.
NOTIC: [8] Undefined variable: where D:\xampp\htdocs\sparksite\ThinkPHP\Library\Think\Model.class.php 第 1629 行.
SQL: SELECT * FROM `article` LIMIT 0,15   [ RunTime:0.001000s ]
INFO: [ view_parse ] --START--
INFO: [ template_filter ] --START--
INFO: Run Behavior\ContentReplaceBehavior [ RunTime:0.000000s ]
INFO: [ template_filter ] --END-- [ RunTime:0.000000s ]
INFO: Run Behavior\ParseTemplateBehavior [ RunTime:0.039003s ]
INFO: [ view_parse ] --END-- [ RunTime:0.039003s ]
INFO: [ view_filter ] --START--
INFO: Run Behavior\WriteHtmlCacheBehavior [ RunTime:0.003000s ]
INFO: [ view_filter ] --END-- [ RunTime:0.004000s ]
INFO: [ app_end ] --START--
INFO: Run Behavior\ShowPageTraceBehavior [ RunTime:0.004000s ]
INFO: [ app_end ] --END-- [ RunTime:0.004000s ]

[ 2016-09-04T20:29:44+08:00 ] 127.0.0.1 /sparksite/index.php/Home/Article/all
INFO: [ app_init ] --START--
INFO: Run Behavior\BuildLiteBehavior [ RunTime:0.001000s ]
INFO: [ app_init ] --END-- [ RunTime:0.002000s ]
INFO: [ app_begin ] --START--
INFO: Run Behavior\ReadHtmlCacheBehavior [ RunTime:0.004000s ]
INFO: [ app_begin ] --END-- [ RunTime:0.004000s ]
SQL: SHOW COLUMNS FROM `article` [ RunTime:0.005001s ]
NOTIC: [2] Missing argument 1 for Think\Model::where(), called in D:\xampp\htdocs\sparksite\Application\Home\Controller\ArticleController.class.php on line 9 and defined D:\xampp\htdocs\sparksite\ThinkPHP\Library\Think\Model.class.php 第 1610 行.
NOTIC: [8] Undefined variable: where D:\xampp\htdocs\sparksite\ThinkPHP\Library\Think\Model.class.php 第 1618 行.
NOTIC: [8] Undefined variable: where D:\xampp\htdocs\sparksite\ThinkPHP\Library\Think\Model.class.php 第 1621 行.
NOTIC: [8] Undefined variable: where D:\xampp\htdocs\sparksite\ThinkPHP\Library\Think\Model.class.php 第 1629 行.
SQL: SELECT COUNT(*) AS tp_count FROM `article` LIMIT 1   [ RunTime:0.000000s ]
NOTIC: [2] Missing argument 1 for Think\Model::where(), called in D:\xampp\htdocs\sparksite\Application\Home\Controller\ArticleController.class.php on line 12 and defined D:\xampp\htdocs\sparksite\ThinkPHP\Library\Think\Model.class.php 第 1610 行.
NOTIC: [8] Undefined variable: where D:\xampp\htdocs\sparksite\ThinkPHP\Library\Think\Model.class.php 第 1618 行.
NOTIC: [8] Undefined variable: where D:\xampp\htdocs\sparksite\ThinkPHP\Library\Think\Model.class.php 第 1621 行.
NOTIC: [8] Undefined variable: where D:\xampp\htdocs\sparksite\ThinkPHP\Library\Think\Model.class.php 第 1629 行.
SQL: SELECT * FROM `article` LIMIT 0,15   [ RunTime:0.001000s ]
INFO: [ view_parse ] --START--
INFO: [ template_filter ] --START--
INFO: Run Behavior\ContentReplaceBehavior [ RunTime:0.000000s ]
INFO: [ template_filter ] --END-- [ RunTime:0.000000s ]
INFO: Run Behavior\ParseTemplateBehavior [ RunTime:0.036002s ]
INFO: [ view_parse ] --END-- [ RunTime:0.036002s ]
INFO: [ view_filter ] --START--
INFO: Run Behavior\WriteHtmlCacheBehavior [ RunTime:0.004000s ]
INFO: [ view_filter ] --END-- [ RunTime:0.004000s ]
INFO: [ app_end ] --START--
INFO: Run Behavior\ShowPageTraceBehavior [ RunTime:0.004001s ]
INFO: [ app_end ] --END-- [ RunTime:0.005001s ]

[ 2016-09-04T20:29:46+08:00 ] 127.0.0.1 /sparksite/index.php/Home/Article/add
INFO: [ app_init ] --START--
INFO: Run Behavior\BuildLiteBehavior [ RunTime:0.000000s ]
INFO: [ app_init ] --END-- [ RunTime:0.002000s ]
INFO: [ app_begin ] --START--
INFO: Run Behavior\ReadHtmlCacheBehavior [ RunTime:0.004000s ]
INFO: [ app_begin ] --END-- [ RunTime:0.004000s ]
INFO: [ view_parse ] --START--
INFO: [ template_filter ] --START--
INFO: Run Behavior\ContentReplaceBehavior [ RunTime:0.000000s ]
INFO: [ template_filter ] --END-- [ RunTime:0.001000s ]
INFO: Run Behavior\ParseTemplateBehavior [ RunTime:0.030002s ]
INFO: [ view_parse ] --END-- [ RunTime:0.030002s ]
INFO: [ view_filter ] --START--
INFO: Run Behavior\WriteHtmlCacheBehavior [ RunTime:0.004000s ]
INFO: [ view_filter ] --END-- [ RunTime:0.004000s ]
INFO: [ app_end ] --START--
INFO: Run Behavior\ShowPageTraceBehavior [ RunTime:0.004001s ]
INFO: [ app_end ] --END-- [ RunTime:0.004001s ]

[ 2016-09-04T20:48:39+08:00 ] 127.0.0.1 /sparksite/index.php/Home/Article/add
INFO: [ app_init ] --START--
INFO: Run Behavior\BuildLiteBehavior [ RunTime:0.000000s ]
INFO: [ app_init ] --END-- [ RunTime:0.006000s ]
INFO: [ app_begin ] --START--
INFO: Run Behavior\ReadHtmlCacheBehavior [ RunTime:0.005000s ]
INFO: [ app_begin ] --END-- [ RunTime:0.005000s ]
INFO: [ view_parse ] --START--
INFO: [ template_filter ] --START--
INFO: Run Behavior\ContentReplaceBehavior [ RunTime:0.000000s ]
INFO: [ template_filter ] --END-- [ RunTime:0.000000s ]
INFO: Run Behavior\ParseTemplateBehavior [ RunTime:0.065004s ]
INFO: [ view_parse ] --END-- [ RunTime:0.065004s ]
INFO: [ view_filter ] --START--
INFO: Run Behavior\WriteHtmlCacheBehavior [ RunTime:0.003000s ]
INFO: [ view_filter ] --END-- [ RunTime:0.003000s ]
INFO: [ app_end ] --START--
INFO: Run Behavior\ShowPageTraceBehavior [ RunTime:0.009001s ]
INFO: [ app_end ] --END-- [ RunTime:0.010001s ]

[ 2016-09-04T20:48:42+08:00 ] 127.0.0.1 /sparksite/index.php/Home/Article/all
INFO: [ app_init ] --START--
INFO: Run Behavior\BuildLiteBehavior [ RunTime:0.000000s ]
INFO: [ app_init ] --END-- [ RunTime:0.002000s ]
INFO: [ app_begin ] --START--
INFO: Run Behavior\ReadHtmlCacheBehavior [ RunTime:0.002000s ]
INFO: [ app_begin ] --END-- [ RunTime:0.002000s ]
SQL: SHOW COLUMNS FROM `article` [ RunTime:0.007000s ]
NOTIC: [2] Missing argument 1 for Think\Model::where(), called in D:\xampp\htdocs\sparksite\Application\Home\Controller\ArticleController.class.php on line 9 and defined D:\xampp\htdocs\sparksite\ThinkPHP\Library\Think\Model.class.php 第 1610 行.
NOTIC: [8] Undefined variable: where D:\xampp\htdocs\sparksite\ThinkPHP\Library\Think\Model.class.php 第 1618 行.
NOTIC: [8] Undefined variable: where D:\xampp\htdocs\sparksite\ThinkPHP\Library\Think\Model.class.php 第 1621 行.
NOTIC: [8] Undefined variable: where D:\xampp\htdocs\sparksite\ThinkPHP\Library\Think\Model.class.php 第 1629 行.
SQL: SELECT COUNT(*) AS tp_count FROM `article` LIMIT 1   [ RunTime:0.001000s ]
NOTIC: [2] Missing argument 1 for Think\Model::where(), called in D:\xampp\htdocs\sparksite\Application\Home\Controller\ArticleController.class.php on line 12 and defined D:\xampp\htdocs\sparksite\ThinkPHP\Library\Think\Model.class.php 第 1610 行.
NOTIC: [8] Undefined variable: where D:\xampp\htdocs\sparksite\ThinkPHP\Library\Think\Model.class.php 第 1618 行.
NOTIC: [8] Undefined variable: where D:\xampp\htdocs\sparksite\ThinkPHP\Library\Think\Model.class.php 第 1621 行.
NOTIC: [8] Undefined variable: where D:\xampp\htdocs\sparksite\ThinkPHP\Library\Think\Model.class.php 第 1629 行.
SQL: SELECT * FROM `article` LIMIT 0,15   [ RunTime:0.001000s ]
INFO: [ view_parse ] --START--
INFO: [ template_filter ] --START--
INFO: Run Behavior\ContentReplaceBehavior [ RunTime:0.000000s ]
INFO: [ template_filter ] --END-- [ RunTime:0.000000s ]
INFO: Run Behavior\ParseTemplateBehavior [ RunTime:0.032002s ]
INFO: [ view_parse ] --END-- [ RunTime:0.032002s ]
INFO: [ view_filter ] --START--
INFO: Run Behavior\WriteHtmlCacheBehavior [ RunTime:0.002000s ]
INFO: [ view_filter ] --END-- [ RunTime:0.003000s ]
INFO: [ app_end ] --START--
INFO: Run Behavior\ShowPageTraceBehavior [ RunTime:0.003001s ]
INFO: [ app_end ] --END-- [ RunTime:0.003001s ]

[ 2016-09-04T20:48:45+08:00 ] 127.0.0.1 /sparksite/index.php/Home/Article/add
INFO: [ app_init ] --START--
INFO: Run Behavior\BuildLiteBehavior [ RunTime:0.000000s ]
INFO: [ app_init ] --END-- [ RunTime:0.002000s ]
INFO: [ app_begin ] --START--
INFO: Run Behavior\ReadHtmlCacheBehavior [ RunTime:0.002000s ]
INFO: [ app_begin ] --END-- [ RunTime:0.002000s ]
INFO: [ view_parse ] --START--
INFO: [ template_filter ] --START--
INFO: Run Behavior\ContentReplaceBehavior [ RunTime:0.000000s ]
INFO: [ template_filter ] --END-- [ RunTime:0.000000s ]
INFO: Run Behavior\ParseTemplateBehavior [ RunTime:0.033002s ]
INFO: [ view_parse ] --END-- [ RunTime:0.033002s ]
INFO: [ view_filter ] --START--
INFO: Run Behavior\WriteHtmlCacheBehavior [ RunTime:0.003000s ]
INFO: [ view_filter ] --END-- [ RunTime:0.003000s ]
INFO: [ app_end ] --START--
INFO: Run Behavior\ShowPageTraceBehavior [ RunTime:0.005001s ]
INFO: [ app_end ] --END-- [ RunTime:0.006001s ]

[ 2016-09-04T20:49:10+08:00 ] 127.0.0.1 /sparksite/index.php/Home/Article/add
INFO: [ app_init ] --START--
INFO: Run Behavior\BuildLiteBehavior [ RunTime:0.000000s ]
INFO: [ app_init ] --END-- [ RunTime:0.002000s ]
INFO: [ app_begin ] --START--
INFO: Run Behavior\ReadHtmlCacheBehavior [ RunTime:0.003000s ]
INFO: [ app_begin ] --END-- [ RunTime:0.003000s ]
INFO: [ view_parse ] --START--
INFO: [ template_filter ] --START--
INFO: Run Behavior\ContentReplaceBehavior [ RunTime:0.000000s ]
INFO: [ template_filter ] --END-- [ RunTime:0.001000s ]
INFO: Run Behavior\ParseTemplateBehavior [ RunTime:0.031002s ]
INFO: [ view_parse ] --END-- [ RunTime:0.031002s ]
INFO: [ view_filter ] --START--
INFO: Run Behavior\WriteHtmlCacheBehavior [ RunTime:0.003000s ]
INFO: [ view_filter ] --END-- [ RunTime:0.003000s ]
INFO: [ app_end ] --START--
INFO: Run Behavior\ShowPageTraceBehavior [ RunTime:0.005001s ]
INFO: [ app_end ] --END-- [ RunTime:0.005001s ]

[ 2016-09-04T20:49:12+08:00 ] 127.0.0.1 /sparksite/index.php/Home/Article/add
INFO: [ app_init ] --START--
INFO: Run Behavior\BuildLiteBehavior [ RunTime:0.001000s ]
INFO: [ app_init ] --END-- [ RunTime:0.003000s ]
INFO: [ app_begin ] --START--
INFO: Run Behavior\ReadHtmlCacheBehavior [ RunTime:0.003000s ]
INFO: [ app_begin ] --END-- [ RunTime:0.003000s ]
INFO: [ view_parse ] --START--
INFO: [ template_filter ] --START--
INFO: Run Behavior\ContentReplaceBehavior [ RunTime:0.001000s ]
INFO: [ template_filter ] --END-- [ RunTime:0.001000s ]
INFO: Run Behavior\ParseTemplateBehavior [ RunTime:0.044003s ]
INFO: [ view_parse ] --END-- [ RunTime:0.045003s ]
INFO: [ view_filter ] --START--
INFO: Run Behavior\WriteHtmlCacheBehavior [ RunTime:0.002000s ]
INFO: [ view_filter ] --END-- [ RunTime:0.003000s ]
INFO: [ app_end ] --START--
INFO: Run Behavior\ShowPageTraceBehavior [ RunTime:0.006000s ]
INFO: [ app_end ] --END-- [ RunTime:0.007000s ]

[ 2016-09-04T20:53:26+08:00 ] 127.0.0.1 /sparksite/index.php/Home/Article/add
INFO: [ app_init ] --START--
INFO: Run Behavior\BuildLiteBehavior [ RunTime:0.000000s ]
INFO: [ app_init ] --END-- [ RunTime:0.002000s ]
INFO: [ app_begin ] --START--
INFO: Run Behavior\ReadHtmlCacheBehavior [ RunTime:0.004000s ]
INFO: [ app_begin ] --END-- [ RunTime:0.004000s ]
INFO: [ view_parse ] --START--
INFO: [ template_filter ] --START--
INFO: Run Behavior\ContentReplaceBehavior [ RunTime:0.000000s ]
INFO: [ template_filter ] --END-- [ RunTime:0.000000s ]
INFO: Run Behavior\ParseTemplateBehavior [ RunTime:0.066003s ]
INFO: [ view_parse ] --END-- [ RunTime:0.066003s ]
INFO: [ view_filter ] --START--
INFO: Run Behavior\WriteHtmlCacheBehavior [ RunTime:0.004001s ]
INFO: [ view_filter ] --END-- [ RunTime:0.004001s ]
INFO: [ app_end ] --START--
INFO: Run Behavior\ShowPageTraceBehavior [ RunTime:0.005000s ]
INFO: [ app_end ] --END-- [ RunTime:0.006000s ]

[ 2016-09-04T20:54:34+08:00 ] 127.0.0.1 /sparksite/index.php/Home/Article/add
INFO: [ app_init ] --START--
INFO: Run Behavior\BuildLiteBehavior [ RunTime:0.000000s ]
INFO: [ app_init ] --END-- [ RunTime:0.001000s ]
INFO: [ app_begin ] --START--
INFO: Run Behavior\ReadHtmlCacheBehavior [ RunTime:0.002000s ]
INFO: [ app_begin ] --END-- [ RunTime:0.003000s ]
INFO: [ view_parse ] --START--
INFO: [ template_filter ] --START--
INFO: Run Behavior\ContentReplaceBehavior [ RunTime:0.000000s ]
INFO: [ template_filter ] --END-- [ RunTime:0.001000s ]
INFO: Run Behavior\ParseTemplateBehavior [ RunTime:0.026002s ]
INFO: [ view_parse ] --END-- [ RunTime:0.026002s ]
INFO: [ view_filter ] --START--
INFO: Run Behavior\WriteHtmlCacheBehavior [ RunTime:0.003000s ]
INFO: [ view_filter ] --END-- [ RunTime:0.003000s ]
INFO: [ app_end ] --START--
INFO: Run Behavior\ShowPageTraceBehavior [ RunTime:0.004000s ]
INFO: [ app_end ] --END-- [ RunTime:0.006000s ]

[ 2016-09-04T20:54:38+08:00 ] 127.0.0.1 /sparksite/index.php/Home/Article/add
INFO: [ app_init ] --START--
INFO: Run Behavior\BuildLiteBehavior [ RunTime:0.001000s ]
INFO: [ app_init ] --END-- [ RunTime:0.002000s ]
INFO: [ app_begin ] --START--
INFO: Run Behavior\ReadHtmlCacheBehavior [ RunTime:0.001000s ]
INFO: [ app_begin ] --END-- [ RunTime:0.001000s ]
INFO: [ view_parse ] --START--
INFO: [ template_filter ] --START--
INFO: Run Behavior\ContentReplaceBehavior [ RunTime:0.000000s ]
INFO: [ template_filter ] --END-- [ RunTime:0.001000s ]
INFO: Run Behavior\ParseTemplateBehavior [ RunTime:0.022001s ]
INFO: [ view_parse ] --END-- [ RunTime:0.023001s ]
INFO: [ view_filter ] --START--
INFO: Run Behavior\WriteHtmlCacheBehavior [ RunTime:0.001000s ]
INFO: [ view_filter ] --END-- [ RunTime:0.003000s ]
INFO: [ app_end ] --START--
INFO: Run Behavior\ShowPageTraceBehavior [ RunTime:0.003000s ]
INFO: [ app_end ] --END-- [ RunTime:0.004000s ]

[ 2016-09-04T20:54:55+08:00 ] 127.0.0.1 /sparksite/index.php/Home/Article/add
INFO: [ app_init ] --START--
INFO: Run Behavior\BuildLiteBehavior [ RunTime:0.000000s ]
INFO: [ app_init ] --END-- [ RunTime:0.001000s ]
INFO: [ app_begin ] --START--
INFO: Run Behavior\ReadHtmlCacheBehavior [ RunTime:0.003000s ]
INFO: [ app_begin ] --END-- [ RunTime:0.003000s ]
INFO: [ view_parse ] --START--
INFO: [ template_filter ] --START--
INFO: Run Behavior\ContentReplaceBehavior [ RunTime:0.000000s ]
INFO: [ template_filter ] --END-- [ RunTime:0.001000s ]
INFO: Run Behavior\ParseTemplateBehavior [ RunTime:0.023001s ]
INFO: [ view_parse ] --END-- [ RunTime:0.023001s ]
INFO: [ view_filter ] --START--
INFO: Run Behavior\WriteHtmlCacheBehavior [ RunTime:0.001000s ]
INFO: [ view_filter ] --END-- [ RunTime:0.001000s ]
INFO: [ app_end ] --START--
INFO: Run Behavior\ShowPageTraceBehavior [ RunTime:0.002000s ]
INFO: [ app_end ] --END-- [ RunTime:0.003000s ]

[ 2016-09-04T20:55:06+08:00 ] 127.0.0.1 /sparksite/index.php/Home/Class/all
INFO: [ app_init ] --START--
INFO: Run Behavior\BuildLiteBehavior [ RunTime:0.000000s ]
INFO: [ app_init ] --END-- [ RunTime:0.001000s ]
INFO: [ app_begin ] --START--
INFO: Run Behavior\ReadHtmlCacheBehavior [ RunTime:0.002000s ]
INFO: [ app_begin ] --END-- [ RunTime:0.003000s ]
SQL: SHOW COLUMNS FROM `class` [ RunTime:0.008000s ]
NOTIC: [2] Missing argument 1 for Think\Model::where(), called in D:\xampp\htdocs\sparksite\Application\Home\Controller\ClassController.class.php on line 9 and defined D:\xampp\htdocs\sparksite\ThinkPHP\Library\Think\Model.class.php 第 1610 行.
NOTIC: [8] Undefined variable: where D:\xampp\htdocs\sparksite\ThinkPHP\Library\Think\Model.class.php 第 1618 行.
NOTIC: [8] Undefined variable: where D:\xampp\htdocs\sparksite\ThinkPHP\Library\Think\Model.class.php 第 1621 行.
NOTIC: [8] Undefined variable: where D:\xampp\htdocs\sparksite\ThinkPHP\Library\Think\Model.class.php 第 1629 行.
SQL: SELECT COUNT(*) AS tp_count FROM `class` LIMIT 1   [ RunTime:0.001001s ]
NOTIC: [2] Missing argument 1 for Think\Model::where(), called in D:\xampp\htdocs\sparksite\Application\Home\Controller\ClassController.class.php on line 12 and defined D:\xampp\htdocs\sparksite\ThinkPHP\Library\Think\Model.class.php 第 1610 行.
NOTIC: [8] Undefined variable: where D:\xampp\htdocs\sparksite\ThinkPHP\Library\Think\Model.class.php 第 1618 行.
NOTIC: [8] Undefined variable: where D:\xampp\htdocs\sparksite\ThinkPHP\Library\Think\Model.class.php 第 1621 行.
NOTIC: [8] Undefined variable: where D:\xampp\htdocs\sparksite\ThinkPHP\Library\Think\Model.class.php 第 1629 行.
SQL: SELECT * FROM `class` LIMIT 0,15   [ RunTime:0.001000s ]
INFO: [ view_parse ] --START--
INFO: [ template_filter ] --START--
INFO: Run Behavior\ContentReplaceBehavior [ RunTime:0.000000s ]
INFO: [ template_filter ] --END-- [ RunTime:0.000000s ]
INFO: Run Behavior\ParseTemplateBehavior [ RunTime:0.043002s ]
INFO: [ view_parse ] --END-- [ RunTime:0.043002s ]
INFO: [ view_filter ] --START--
INFO: Run Behavior\WriteHtmlCacheBehavior [ RunTime:0.002001s ]
INFO: [ view_filter ] --END-- [ RunTime:0.002001s ]
INFO: [ app_end ] --START--
INFO: Run Behavior\ShowPageTraceBehavior [ RunTime:0.002000s ]
INFO: [ app_end ] --END-- [ RunTime:0.003000s ]

[ 2016-09-04T20:55:09+08:00 ] 127.0.0.1 /sparksite/index.php/Home/Article/add
INFO: [ app_init ] --START--
INFO: Run Behavior\BuildLiteBehavior [ RunTime:0.000000s ]
INFO: [ app_init ] --END-- [ RunTime:0.002000s ]
INFO: [ app_begin ] --START--
INFO: Run Behavior\ReadHtmlCacheBehavior [ RunTime:0.002000s ]
INFO: [ app_begin ] --END-- [ RunTime:0.002000s ]
INFO: [ view_parse ] --START--
INFO: [ template_filter ] --START--
INFO: Run Behavior\ContentReplaceBehavior [ RunTime:0.001000s ]
INFO: [ template_filter ] --END-- [ RunTime:0.001000s ]
INFO: Run Behavior\ParseTemplateBehavior [ RunTime:0.029002s ]
INFO: [ view_parse ] --END-- [ RunTime:0.029002s ]
INFO: [ view_filter ] --START--
INFO: Run Behavior\WriteHtmlCacheBehavior [ RunTime:0.002000s ]
INFO: [ view_filter ] --END-- [ RunTime:0.002000s ]
INFO: [ app_end ] --START--
INFO: Run Behavior\ShowPageTraceBehavior [ RunTime:0.003000s ]
INFO: [ app_end ] --END-- [ RunTime:0.003000s ]

[ 2016-09-04T20:55:12+08:00 ] 127.0.0.1 /sparksite/index.php/Home/Article/all
INFO: [ app_init ] --START--
INFO: Run Behavior\BuildLiteBehavior [ RunTime:0.000000s ]
INFO: [ app_init ] --END-- [ RunTime:0.001000s ]
INFO: [ app_begin ] --START--
INFO: Run Behavior\ReadHtmlCacheBehavior [ RunTime:0.003000s ]
INFO: [ app_begin ] --END-- [ RunTime:0.003000s ]
SQL: SHOW COLUMNS FROM `article` [ RunTime:0.008001s ]
NOTIC: [2] Missing argument 1 for Think\Model::where(), called in D:\xampp\htdocs\sparksite\Application\Home\Controller\ArticleController.class.php on line 9 and defined D:\xampp\htdocs\sparksite\ThinkPHP\Library\Think\Model.class.php 第 1610 行.
NOTIC: [8] Undefined variable: where D:\xampp\htdocs\sparksite\ThinkPHP\Library\Think\Model.class.php 第 1618 行.
NOTIC: [8] Undefined variable: where D:\xampp\htdocs\sparksite\ThinkPHP\Library\Think\Model.class.php 第 1621 行.
NOTIC: [8] Undefined variable: where D:\xampp\htdocs\sparksite\ThinkPHP\Library\Think\Model.class.php 第 1629 行.
SQL: SELECT COUNT(*) AS tp_count FROM `article` LIMIT 1   [ RunTime:0.001000s ]
NOTIC: [2] Missing argument 1 for Think\Model::where(), called in D:\xampp\htdocs\sparksite\Application\Home\Controller\ArticleController.class.php on line 12 and defined D:\xampp\htdocs\sparksite\ThinkPHP\Library\Think\Model.class.php 第 1610 行.
NOTIC: [8] Undefined variable: where D:\xampp\htdocs\sparksite\ThinkPHP\Library\Think\Model.class.php 第 1618 行.
NOTIC: [8] Undefined variable: where D:\xampp\htdocs\sparksite\ThinkPHP\Library\Think\Model.class.php 第 1621 行.
NOTIC: [8] Undefined variable: where D:\xampp\htdocs\sparksite\ThinkPHP\Library\Think\Model.class.php 第 1629 行.
SQL: SELECT * FROM `article` LIMIT 0,15   [ RunTime:0.001000s ]
INFO: [ view_parse ] --START--
INFO: [ template_filter ] --START--
INFO: Run Behavior\ContentReplaceBehavior [ RunTime:0.000000s ]
INFO: [ template_filter ] --END-- [ RunTime:0.000000s ]
INFO: Run Behavior\ParseTemplateBehavior [ RunTime:0.030002s ]
INFO: [ view_parse ] --END-- [ RunTime:0.030002s ]
INFO: [ view_filter ] --START--
INFO: Run Behavior\WriteHtmlCacheBehavior [ RunTime:0.002000s ]
INFO: [ view_filter ] --END-- [ RunTime:0.002000s ]
INFO: [ app_end ] --START--
INFO: Run Behavior\ShowPageTraceBehavior [ RunTime:0.002000s ]
INFO: [ app_end ] --END-- [ RunTime:0.003000s ]

[ 2016-09-04T20:58:29+08:00 ] 127.0.0.1 /sparksite/index.php/Home/Article/all
INFO: [ app_init ] --START--
INFO: Run Behavior\BuildLiteBehavior [ RunTime:0.000000s ]
INFO: [ app_init ] --END-- [ RunTime:0.002000s ]
INFO: [ app_begin ] --START--
INFO: Run Behavior\ReadHtmlCacheBehavior [ RunTime:0.003000s ]
INFO: [ app_begin ] --END-- [ RunTime:0.003000s ]
SQL: SHOW COLUMNS FROM `article` [ RunTime:0.006000s ]
NOTIC: [2] Missing argument 1 for Think\Model::where(), called in D:\xampp\htdocs\sparksite\Application\Home\Controller\ArticleController.class.php on line 9 and defined D:\xampp\htdocs\sparksite\ThinkPHP\Library\Think\Model.class.php 第 1610 行.
NOTIC: [8] Undefined variable: where D:\xampp\htdocs\sparksite\ThinkPHP\Library\Think\Model.class.php 第 1618 行.
NOTIC: [8] Undefined variable: where D:\xampp\htdocs\sparksite\ThinkPHP\Library\Think\Model.class.php 第 1621 行.
NOTIC: [8] Undefined variable: where D:\xampp\htdocs\sparksite\ThinkPHP\Library\Think\Model.class.php 第 1629 行.
SQL: SELECT COUNT(*) AS tp_count FROM `article` LIMIT 1   [ RunTime:0.000000s ]
NOTIC: [2] Missing argument 1 for Think\Model::where(), called in D:\xampp\htdocs\sparksite\Application\Home\Controller\ArticleController.class.php on line 12 and defined D:\xampp\htdocs\sparksite\ThinkPHP\Library\Think\Model.class.php 第 1610 行.
NOTIC: [8] Undefined variable: where D:\xampp\htdocs\sparksite\ThinkPHP\Library\Think\Model.class.php 第 1618 行.
NOTIC: [8] Undefined variable: where D:\xampp\htdocs\sparksite\ThinkPHP\Library\Think\Model.class.php 第 1621 行.
NOTIC: [8] Undefined variable: where D:\xampp\htdocs\sparksite\ThinkPHP\Library\Think\Model.class.php 第 1629 行.
SQL: SELECT * FROM `article` LIMIT 0,15   [ RunTime:0.000000s ]
INFO: [ view_parse ] --START--
INFO: [ template_filter ] --START--
INFO: Run Behavior\ContentReplaceBehavior [ RunTime:0.000000s ]
INFO: [ template_filter ] --END-- [ RunTime:0.001000s ]
INFO: Run Behavior\ParseTemplateBehavior [ RunTime:0.029001s ]
INFO: [ view_parse ] --END-- [ RunTime:0.030002s ]
INFO: [ view_filter ] --START--
INFO: Run Behavior\WriteHtmlCacheBehavior [ RunTime:0.005000s ]
INFO: [ view_filter ] --END-- [ RunTime:0.005000s ]
INFO: [ app_end ] --START--
INFO: Run Behavior\ShowPageTraceBehavior [ RunTime:0.003000s ]
INFO: [ app_end ] --END-- [ RunTime:0.003000s ]

[ 2016-09-04T20:58:33+08:00 ] 127.0.0.1 /sparksite/index.php/Home/Class/all
INFO: [ app_init ] --START--
INFO: Run Behavior\BuildLiteBehavior [ RunTime:0.000000s ]
INFO: [ app_init ] --END-- [ RunTime:0.001000s ]
INFO: [ app_begin ] --START--
INFO: Run Behavior\ReadHtmlCacheBehavior [ RunTime:0.003000s ]
INFO: [ app_begin ] --END-- [ RunTime:0.004000s ]
SQL: SHOW COLUMNS FROM `class` [ RunTime:0.007001s ]
NOTIC: [2] Missing argument 1 for Think\Model::where(), called in D:\xampp\htdocs\sparksite\Application\Home\Controller\ClassController.class.php on line 9 and defined D:\xampp\htdocs\sparksite\ThinkPHP\Library\Think\Model.class.php 第 1610 行.
NOTIC: [8] Undefined variable: where D:\xampp\htdocs\sparksite\ThinkPHP\Library\Think\Model.class.php 第 1618 行.
NOTIC: [8] Undefined variable: where D:\xampp\htdocs\sparksite\ThinkPHP\Library\Think\Model.class.php 第 1621 行.
NOTIC: [8] Undefined variable: where D:\xampp\htdocs\sparksite\ThinkPHP\Library\Think\Model.class.php 第 1629 行.
SQL: SELECT COUNT(*) AS tp_count FROM `class` LIMIT 1   [ RunTime:0.001000s ]
NOTIC: [2] Missing argument 1 for Think\Model::where(), called in D:\xampp\htdocs\sparksite\Application\Home\Controller\ClassController.class.php on line 12 and defined D:\xampp\htdocs\sparksite\ThinkPHP\Library\Think\Model.class.php 第 1610 行.
NOTIC: [8] Undefined variable: where D:\xampp\htdocs\sparksite\ThinkPHP\Library\Think\Model.class.php 第 1618 行.
NOTIC: [8] Undefined variable: where D:\xampp\htdocs\sparksite\ThinkPHP\Library\Think\Model.class.php 第 1621 行.
NOTIC: [8] Undefined variable: where D:\xampp\htdocs\sparksite\ThinkPHP\Library\Think\Model.class.php 第 1629 行.
SQL: SELECT * FROM `class` LIMIT 0,15   [ RunTime:0.001000s ]
INFO: [ view_parse ] --START--
INFO: [ template_filter ] --START--
INFO: Run Behavior\ContentReplaceBehavior [ RunTime:0.000000s ]
INFO: [ template_filter ] --END-- [ RunTime:0.001000s ]
INFO: Run Behavior\ParseTemplateBehavior [ RunTime:0.042002s ]
INFO: [ view_parse ] --END-- [ RunTime:0.042002s ]
INFO: [ view_filter ] --START--
INFO: Run Behavior\WriteHtmlCacheBehavior [ RunTime:0.004001s ]
INFO: [ view_filter ] --END-- [ RunTime:0.004001s ]
INFO: [ app_end ] --START--
INFO: Run Behavior\ShowPageTraceBehavior [ RunTime:0.006000s ]
INFO: [ app_end ] --END-- [ RunTime:0.007000s ]

[ 2016-09-04T21:19:44+08:00 ] 127.0.0.1 /sparksite/index.php/Home/Class/all
INFO: [ app_init ] --START--
INFO: Run Behavior\BuildLiteBehavior [ RunTime:0.000000s ]
INFO: [ app_init ] --END-- [ RunTime:0.004000s ]
INFO: [ app_begin ] --START--
INFO: Run Behavior\ReadHtmlCacheBehavior [ RunTime:0.006000s ]
INFO: [ app_begin ] --END-- [ RunTime:0.006000s ]
SQL: SHOW COLUMNS FROM `class` [ RunTime:0.009001s ]
NOTIC: [2] Missing argument 1 for Think\Model::where(), called in D:\xampp\htdocs\sparksite\Application\Home\Controller\ClassController.class.php on line 9 and defined D:\xampp\htdocs\sparksite\ThinkPHP\Library\Think\Model.class.php 第 1610 行.
NOTIC: [8] Undefined variable: where D:\xampp\htdocs\sparksite\ThinkPHP\Library\Think\Model.class.php 第 1618 行.
NOTIC: [8] Undefined variable: where D:\xampp\htdocs\sparksite\ThinkPHP\Library\Think\Model.class.php 第 1621 行.
NOTIC: [8] Undefined variable: where D:\xampp\htdocs\sparksite\ThinkPHP\Library\Think\Model.class.php 第 1629 行.
SQL: SELECT COUNT(*) AS tp_count FROM `class` LIMIT 1   [ RunTime:0.001000s ]
NOTIC: [2] Missing argument 1 for Think\Model::where(), called in D:\xampp\htdocs\sparksite\Application\Home\Controller\ClassController.class.php on line 12 and defined D:\xampp\htdocs\sparksite\ThinkPHP\Library\Think\Model.class.php 第 1610 行.
NOTIC: [8] Undefined variable: where D:\xampp\htdocs\sparksite\ThinkPHP\Library\Think\Model.class.php 第 1618 行.
NOTIC: [8] Undefined variable: where D:\xampp\htdocs\sparksite\ThinkPHP\Library\Think\Model.class.php 第 1621 行.
NOTIC: [8] Undefined variable: where D:\xampp\htdocs\sparksite\ThinkPHP\Library\Think\Model.class.php 第 1629 行.
SQL: SELECT * FROM `class` LIMIT 0,15   [ RunTime:0.001000s ]
INFO: [ view_parse ] --START--
INFO: [ template_filter ] --START--
INFO: Run Behavior\ContentReplaceBehavior [ RunTime:0.001000s ]
INFO: [ template_filter ] --END-- [ RunTime:0.001000s ]
INFO: Run Behavior\ParseTemplateBehavior [ RunTime:0.047003s ]
INFO: [ view_parse ] --END-- [ RunTime:0.047003s ]
INFO: [ view_filter ] --START--
INFO: Run Behavior\WriteHtmlCacheBehavior [ RunTime:0.004000s ]
INFO: [ view_filter ] --END-- [ RunTime:0.005000s ]
INFO: [ app_end ] --START--
INFO: Run Behavior\ShowPageTraceBehavior [ RunTime:0.005000s ]
INFO: [ app_end ] --END-- [ RunTime:0.005000s ]

[ 2016-09-04T21:20:00+08:00 ] 127.0.0.1 /sparksite/index.php/Home/Class/add
INFO: [ app_init ] --START--
INFO: Run Behavior\BuildLiteBehavior [ RunTime:0.000000s ]
INFO: [ app_init ] --END-- [ RunTime:0.002000s ]
INFO: [ app_begin ] --START--
INFO: Run Behavior\ReadHtmlCacheBehavior [ RunTime:0.003000s ]
INFO: [ app_begin ] --END-- [ RunTime:0.003000s ]
INFO: [ view_parse ] --START--
INFO: [ template_filter ] --START--
INFO: Run Behavior\ContentReplaceBehavior [ RunTime:0.000000s ]
INFO: [ template_filter ] --END-- [ RunTime:0.001001s ]
INFO: Run Behavior\ParseTemplateBehavior [ RunTime:0.051003s ]
INFO: [ view_parse ] --END-- [ RunTime:0.052003s ]
INFO: [ view_filter ] --START--
INFO: Run Behavior\WriteHtmlCacheBehavior [ RunTime:0.004000s ]
INFO: [ view_filter ] --END-- [ RunTime:0.004000s ]
INFO: [ app_end ] --START--
INFO: Run Behavior\ShowPageTraceBehavior [ RunTime:0.009001s ]
INFO: [ app_end ] --END-- [ RunTime:0.009001s ]

